2024-07-27 16:47:29: chToPaPipe pipe is created successfully
2024-07-27 16:47:29: paToChPipe pipe is created successfully
2024-07-27 16:47:29: Creating child process
2024-07-27 16:47:56: chToPaPipe pipe is created successfully
2024-07-27 16:47:56: paToChPipe pipe is created successfully
2024-07-27 16:47:56: Creating child process
2024-07-27 16:48:39: chToPaPipe pipe is created successfully
2024-07-27 16:48:39: paToChPipe pipe is created successfully
2024-07-27 16:48:39: Creating child process
2024-07-27 16:49:05: chToPaPipe pipe is created successfully
2024-07-27 16:49:05: paToChPipe pipe is created successfully
2024-07-27 16:49:05: Creating child process
2024-07-27 16:49:30: chToPaPipe pipe is created successfully
2024-07-27 16:49:30: paToChPipe pipe is created successfully
2024-07-27 16:49:30: Creating child process
2024-07-27 16:49:42: chToPaPipe pipe is created successfully
2024-07-27 16:49:42: paToChPipe pipe is created successfully
2024-07-27 16:49:42: Creating child process
2024-07-27 16:50:02: chToPaPipe pipe is created successfully
2024-07-27 16:50:02: paToChPipe pipe is created successfully
2024-07-27 16:50:02: Creating child process
2024-07-27 16:50:16: chToPaPipe pipe is created successfully
2024-07-27 16:50:16: paToChPipe pipe is created successfully
2024-07-27 16:50:16: Creating child process
2024-07-27 16:54:04: chToPaPipe pipe is created successfully
2024-07-27 16:54:04: paToChPipe pipe is created successfully
2024-07-27 16:54:04: Creating child process
2024-07-27 16:54:04: Server is created
2024-07-27 16:54:04: Thread handlers is created
2024-07-27 16:54:13: chToPaPipe pipe is created successfully
2024-07-27 16:54:13: paToChPipe pipe is created successfully
2024-07-27 16:54:13: Creating child process
2024-07-27 16:54:15: chToPaPipe pipe is created successfully
2024-07-27 16:54:15: paToChPipe pipe is created successfully
2024-07-27 16:54:15: Creating child process
2024-07-27 16:55:06: chToPaPipe pipe is created successfully
2024-07-27 16:55:06: paToChPipe pipe is created successfully
2024-07-27 16:55:06: Creating child process
2024-07-27 16:56:39: chToPaPipe pipe is created successfully
2024-07-27 16:56:39: paToChPipe pipe is created successfully
2024-07-27 16:56:39: Creating child process
2024-07-27 16:57:21: chToPaPipe pipe is created successfully
2024-07-27 16:57:21: paToChPipe pipe is created successfully
2024-07-27 16:57:21: Creating child process
2024-07-27 16:57:27: chToPaPipe pipe is created successfully
2024-07-27 16:57:27: paToChPipe pipe is created successfully
2024-07-27 16:57:27: Creating child process
2024-07-27 16:57:40: chToPaPipe pipe is created successfully
2024-07-27 16:57:40: paToChPipe pipe is created successfully
2024-07-27 16:57:40: Creating child process
2024-07-27 16:57:40: Server is created
2024-07-27 16:58:03: chToPaPipe pipe is created successfully
2024-07-27 16:58:03: paToChPipe pipe is created successfully
2024-07-27 16:58:03: Creating child process
2024-07-27 16:58:03: Server is created
2024-07-27 16:58:03: Thread handlers is created
2024-07-27 16:58:25: chToPaPipe pipe is created successfully
2024-07-27 16:58:25: paToChPipe pipe is created successfully
2024-07-27 16:58:25: Creating child process
2024-07-27 16:59:21: chToPaPipe pipe is created successfully
2024-07-27 16:59:21: paToChPipe pipe is created successfully
2024-07-27 16:59:21: Creating child process
2024-07-27 17:01:29: chToPaPipe pipe is created successfully
2024-07-27 17:01:29: paToChPipe pipe is created successfully
2024-07-27 17:01:29: Creating child process
2024-07-27 17:01:29: Server is created
2024-07-27 17:01:43: chToPaPipe pipe is created successfully
2024-07-27 17:01:43: paToChPipe pipe is created successfully
2024-07-27 17:01:43: Creating child process
2024-07-27 17:02:42: chToPaPipe pipe is created successfully
2024-07-27 17:02:42: paToChPipe pipe is created successfully
2024-07-27 17:02:42: Creating child process
2024-07-27 17:06:47: chToPaPipe pipe is created successfully
2024-07-27 17:06:47: paToChPipe pipe is created successfully
2024-07-27 17:06:47: Creating child process
2024-07-27 17:07:10: chToPaPipe pipe is created successfully
2024-07-27 17:07:10: paToChPipe pipe is created successfully
2024-07-27 17:07:10: Creating child process
2024-07-27 17:07:34: chToPaPipe pipe is created successfully
2024-07-27 17:07:34: paToChPipe pipe is created successfully
2024-07-27 17:07:34: Creating child process
2024-07-27 17:11:30: chToPaPipe pipe is created successfully
2024-07-27 17:11:30: paToChPipe pipe is created successfully
2024-07-27 17:11:30: Creating child process
2024-07-27 17:14:25: chToPaPipe pipe is created successfully
2024-07-27 17:14:25: paToChPipe pipe is created successfully
2024-07-27 17:14:25: Creating child process
2024-07-27 17:14:56: chToPaPipe pipe is created successfully
2024-07-27 17:14:56: paToChPipe pipe is created successfully
2024-07-27 17:14:56: Creating child process
2024-07-27 17:16:22: Server is created
2024-07-27 17:16:22: chToPaPipe pipe is created successfully
2024-07-27 17:16:22: paToChPipe pipe is created successfully
2024-07-27 17:16:22: Creating child process
2024-07-27 17:17:02: chToPaPipe pipe is created successfully
2024-07-27 17:17:02: paToChPipe pipe is created successfully
2024-07-27 17:17:02: Creating child process
2024-07-27 17:19:38: chToPaPipe pipe is created successfully
2024-07-27 17:19:38: paToChPipe pipe is created successfully
2024-07-27 17:19:38: Creating child process
2024-07-27 17:19:44: Server is created
2024-07-27 17:19:53: Thread handlers is created
2024-07-27 17:20:03: chToPaPipe pipe is created successfully
2024-07-27 17:20:03: paToChPipe pipe is created successfully
2024-07-27 17:20:03: Creating child process
2024-07-27 17:20:03: Server is created
2024-07-27 17:20:03: Thread handlers is created
2024-07-27 17:21:19: chToPaPipe pipe is created successfully
2024-07-27 17:21:19: paToChPipe pipe is created successfully
2024-07-27 17:21:19: Creating child process
2024-07-27 17:21:19: Server is created
2024-07-27 17:21:19: Thread handlers is created
2024-07-27 17:21:37: chToPaPipe pipe is created successfully
2024-07-27 17:21:37: paToChPipe pipe is created successfully
2024-07-27 17:21:37: Creating child process
2024-07-27 17:21:37: Server is created
2024-07-27 17:21:43: chToPaPipe pipe is created successfully
2024-07-27 17:21:43: paToChPipe pipe is created successfully
2024-07-27 17:21:43: Creating child process
2024-07-27 17:21:43: Server is created
2024-07-27 17:21:46: Thread handlers is created
2024-07-27 17:21:49: chToPaPipe pipe is created successfully
2024-07-27 17:21:49: paToChPipe pipe is created successfully
2024-07-27 17:21:49: Creating child process
2024-07-27 17:21:49: Server is created
2024-07-27 17:21:49: Thread handlers is created
2024-07-27 17:22:08: chToPaPipe pipe is created successfully
2024-07-27 17:22:08: paToChPipe pipe is created successfully
2024-07-27 17:22:08: Creating child process
2024-07-27 17:30:20: chToPaPipe pipe is created successfully
2024-07-27 17:30:20: paToChPipe pipe is created successfully
2024-07-27 17:30:20: Creating child process
2024-07-27 17:43:50: Server is created
2024-07-27 17:43:50: Thread handlers is created
2024-07-27 17:43:58: chToPaPipe pipe is created successfully
2024-07-27 17:43:58: paToChPipe pipe is created successfully
2024-07-27 17:43:58: Creating child process
2024-07-27 17:44:05: Server is created
2024-07-27 17:44:05: Thread handlers is created
2024-07-27 17:45:34: chToPaPipe pipe is created successfully
2024-07-27 17:45:34: paToChPipe pipe is created successfully
2024-07-27 17:45:34: Creating child process
2024-07-27 17:45:34: Server is created
2024-07-27 17:45:34: Thread handlers is created
2024-07-27 17:45:58: chToPaPipe pipe is created successfully
2024-07-27 17:45:58: paToChPipe pipe is created successfully
2024-07-27 17:45:58: Creating child process
2024-07-27 17:46:43: chToPaPipe pipe is created successfully
2024-07-27 17:46:43: paToChPipe pipe is created successfully
2024-07-27 17:46:43: Creating child process
2024-07-27 17:46:43: Server is created
2024-07-27 17:46:43: Thread handlers is created
2024-07-27 17:47:57: chToPaPipe pipe is created successfully
2024-07-27 17:47:57: paToChPipe pipe is created successfully
2024-07-27 17:47:57: Creating child process
2024-07-27 17:47:57: Server is created
2024-07-27 17:48:11: chToPaPipe pipe is created successfully
2024-07-27 17:48:11: paToChPipe pipe is created successfully
2024-07-27 17:48:11: Creating child process
2024-07-27 17:48:11: Server is created
2024-07-27 17:48:11: Thread handlers is created
2024-07-27 17:48:32: chToPaPipe pipe is created successfully
2024-07-27 17:48:32: paToChPipe pipe is created successfully
2024-07-27 17:48:32: Creating child process
2024-07-27 17:48:32: Server is created
2024-07-27 17:48:32: Thread handlers is created
2024-07-27 17:48:47: chToPaPipe pipe is created successfully
2024-07-27 17:48:47: paToChPipe pipe is created successfully
2024-07-27 17:48:47: Creating child process
2024-07-27 17:48:47: Server is created
2024-07-27 17:48:47: Thread handlers is created
2024-07-27 17:49:00: chToPaPipe pipe is created successfully
2024-07-27 17:49:00: paToChPipe pipe is created successfully
2024-07-27 17:49:00: Creating child process
2024-07-27 17:49:00: Server is created
2024-07-27 17:49:04: Thread handlers is created
2024-07-27 17:49:45: chToPaPipe pipe is created successfully
2024-07-27 17:49:45: paToChPipe pipe is created successfully
2024-07-27 17:49:45: Creating child process
2024-07-27 17:49:45: Server is created
2024-07-27 17:49:45: Thread handlers is created
2024-07-27 17:50:09: chToPaPipe pipe is created successfully
2024-07-27 17:50:09: paToChPipe pipe is created successfully
2024-07-27 17:50:09: Creating child process
2024-07-27 17:50:09: Server is created
2024-07-27 17:50:09: Thread handlers is created
2024-07-27 17:50:40: chToPaPipe pipe is created successfully
2024-07-27 17:50:40: paToChPipe pipe is created successfully
2024-07-27 17:50:40: Creating child process
2024-07-27 17:50:40: Server is created
2024-07-27 17:50:40: Thread handlers is created
2024-07-27 17:51:03: chToPaPipe pipe is created successfully
2024-07-27 17:51:03: paToChPipe pipe is created successfully
2024-07-27 17:51:03: Creating child process
2024-07-27 17:51:03: Server is created
2024-07-27 17:51:03: Thread handlers is created
2024-07-27 17:52:49: chToPaPipe pipe is created successfully
2024-07-27 17:52:49: paToChPipe pipe is created successfully
2024-07-27 17:52:49: Creating child process
2024-07-27 17:52:49: Server is created
2024-07-27 17:52:49: Thread handlers is created
2024-07-27 17:54:05: chToPaPipe pipe is created successfully
2024-07-27 17:54:05: paToChPipe pipe is created successfully
2024-07-27 17:54:05: Creating child process
2024-07-27 17:54:05: Server is created
2024-07-27 17:54:05: Thread handlers is created
2024-07-27 17:55:06: chToPaPipe pipe is created successfully
2024-07-27 17:55:06: paToChPipe pipe is created successfully
2024-07-27 17:55:06: Creating child process
2024-07-27 17:55:06: Server is created
2024-07-27 17:55:06: Thread handlers is created
2024-07-27 17:55:34: chToPaPipe pipe is created successfully
2024-07-27 17:55:34: paToChPipe pipe is created successfully
2024-07-27 17:55:34: Creating child process
2024-07-27 17:55:34: Server is created
2024-07-27 17:55:34: Thread handlers is created
2024-07-27 17:55:57: chToPaPipe pipe is created successfully
2024-07-27 17:55:57: paToChPipe pipe is created successfully
2024-07-27 17:55:57: Creating child process
2024-07-27 17:55:57: Server is created
2024-07-27 17:55:57: Thread handlers is created
2024-07-27 17:56:26: chToPaPipe pipe is created successfully
2024-07-27 17:56:26: paToChPipe pipe is created successfully
2024-07-27 17:56:26: Creating child process
2024-07-27 17:56:26: Server is created
2024-07-27 17:56:26: Thread handlers is created
2024-07-27 17:57:12: chToPaPipe pipe is created successfully
2024-07-27 17:57:12: paToChPipe pipe is created successfully
2024-07-27 17:57:12: Creating child process
2024-07-27 17:57:12: Server is created
2024-07-27 17:57:12: Thread handlers is created
2024-07-27 17:57:51: chToPaPipe pipe is created successfully
2024-07-27 17:57:51: paToChPipe pipe is created successfully
2024-07-27 17:57:51: Creating child process
2024-07-27 17:57:51: Server is created
2024-07-27 17:57:51: Thread handlers is created
2024-07-27 18:00:39: chToPaPipe pipe is created successfully
2024-07-27 18:00:39: paToChPipe pipe is created successfully
2024-07-27 18:00:39: Creating child process
2024-07-27 18:00:39: Server is created
2024-07-27 18:00:39: Thread handlers is created
2024-07-27 18:00:54: chToPaPipe pipe is created successfully
2024-07-27 18:00:54: paToChPipe pipe is created successfully
2024-07-27 18:00:54: Creating child process
2024-07-27 18:00:54: Server is created
2024-07-27 18:00:54: Thread handlers is created
2024-07-27 18:03:10: chToPaPipe pipe is created successfully
2024-07-27 18:03:10: paToChPipe pipe is created successfully
2024-07-27 18:03:10: Creating child process
2024-07-27 18:03:10: Server is created
2024-07-27 18:03:10: Thread handlers is created
2024-07-27 18:03:27: chToPaPipe pipe is created successfully
2024-07-27 18:03:27: paToChPipe pipe is created successfully
2024-07-27 18:03:27: Creating child process
2024-07-27 18:03:27: Server is created
2024-07-27 18:03:27: Thread handlers is created
2024-07-27 18:03:36: chToPaPipe pipe is created successfully
2024-07-27 18:03:36: paToChPipe pipe is created successfully
2024-07-27 18:03:36: Creating child process
2024-07-27 18:03:36: Server is created
2024-07-27 18:03:36: Thread handlers is created
2024-07-27 18:03:42: chToPaPipe pipe is created successfully
2024-07-27 18:03:42: paToChPipe pipe is created successfully
2024-07-27 18:03:42: Creating child process
2024-07-27 18:03:42: Server is created
2024-07-27 18:03:42: Thread handlers is created
2024-07-27 18:03:52: chToPaPipe pipe is created successfully
2024-07-27 18:03:52: paToChPipe pipe is created successfully
2024-07-27 18:03:52: Creating child process
2024-07-27 18:03:52: Server is created
2024-07-27 18:03:52: Thread handlers is created
2024-07-27 18:18:01: chToPaPipe pipe is created successfully
2024-07-27 18:18:01: paToChPipe pipe is created successfully
2024-07-27 18:18:01: Creating child process
2024-07-27 18:18:01: Server is created
2024-07-27 18:18:01: Thread handlers is created
2024-07-27 18:19:03: chToPaPipe pipe is created successfully
2024-07-27 18:19:03: paToChPipe pipe is created successfully
2024-07-27 18:19:03: Creating child process
2024-07-27 18:19:03: Server is created
2024-07-27 18:19:03: Thread handlers is created
2024-07-27 18:34:36: chToPaPipe pipe is created successfully
2024-07-27 18:34:36: paToChPipe pipe is created successfully
2024-07-27 18:34:36: Creating child process
2024-07-27 18:34:36: Server is created
2024-07-27 18:34:36: Thread handlers is created
2024-07-27 18:37:31: chToPaPipe pipe is created successfully
2024-07-27 18:37:31: paToChPipe pipe is created successfully
2024-07-27 18:37:31: Creating child process
2024-07-27 18:39:10: chToPaPipe pipe is created successfully
2024-07-27 18:39:10: paToChPipe pipe is created successfully
2024-07-27 18:39:10: Creating child process
2024-07-27 18:39:31: chToPaPipe pipe is created successfully
2024-07-27 18:39:31: paToChPipe pipe is created successfully
2024-07-27 18:39:31: Creating child process
2024-07-27 18:40:09: chToPaPipe pipe is created successfully
2024-07-27 18:40:09: paToChPipe pipe is created successfully
2024-07-27 18:40:09: Creating child process
2024-07-27 18:48:03: chToPaPipe pipe is created successfully
2024-07-27 18:48:03: paToChPipe pipe is created successfully
2024-07-27 18:48:03: Creating child process
2024-07-27 18:48:58: chToPaPipe pipe is created successfully
2024-07-27 18:48:58: paToChPipe pipe is created successfully
2024-07-27 18:48:58: Creating child process
2024-07-27 18:48:58: Server is created
2024-07-27 18:48:58: Thread handlers is created
2024-07-27 18:50:20: chToPaPipe pipe is created successfully
2024-07-27 18:50:20: paToChPipe pipe is created successfully
2024-07-27 18:50:20: Creating child process
2024-07-27 18:50:20: Server is created
2024-07-27 18:50:20: Thread handlers is created
2024-07-27 18:51:14: chToPaPipe pipe is created successfully
2024-07-27 18:51:14: paToChPipe pipe is created successfully
2024-07-27 18:51:14: Creating child process
2024-07-27 18:51:14: Server is created
2024-07-27 18:51:14: Thread handlers is created
2024-07-27 18:51:44: chToPaPipe pipe is created successfully
2024-07-27 18:51:44: paToChPipe pipe is created successfully
2024-07-27 18:51:44: Creating child process
2024-07-27 18:51:44: Server is created
2024-07-27 18:51:44: Thread handlers is created
2024-07-27 18:52:18: chToPaPipe pipe is created successfully
2024-07-27 18:52:18: paToChPipe pipe is created successfully
2024-07-27 18:52:18: Creating child process
2024-07-27 18:52:18: Server is created
2024-07-27 18:52:18: Thread handlers is created
2024-07-27 18:52:49: chToPaPipe pipe is created successfully
2024-07-27 18:52:49: paToChPipe pipe is created successfully
2024-07-27 18:52:49: Creating child process
2024-07-27 18:52:49: Server is created
2024-07-27 18:52:49: Thread handlers is created
2024-07-27 18:54:44: chToPaPipe pipe is created successfully
2024-07-27 18:54:44: paToChPipe pipe is created successfully
2024-07-27 18:54:44: Creating child process
2024-07-27 18:54:44: Server is created
2024-07-27 18:54:44: Thread handlers is created
2024-07-27 19:23:32: chToPaPipe pipe is created successfully
2024-07-27 19:23:32: paToChPipe pipe is created successfully
2024-07-27 19:23:32: Creating child process
2024-07-27 19:23:32: Server is created
2024-07-27 19:23:32: Thread handlers is created
2024-07-27 19:26:23: chToPaPipe pipe is created successfully
2024-07-27 19:26:23: paToChPipe pipe is created successfully
2024-07-27 19:26:23: Creating child process
2024-07-27 19:26:23: Server is created
2024-07-27 19:26:23: Thread handlers is created
2024-07-27 19:28:09: chToPaPipe pipe is created successfully
2024-07-27 19:28:09: paToChPipe pipe is created successfully
2024-07-27 19:28:09: Creating child process
2024-07-27 19:28:09: Server is created
2024-07-27 19:28:09: Thread handlers is created
2024-07-27 19:29:19: chToPaPipe pipe is created successfully
2024-07-27 19:29:19: paToChPipe pipe is created successfully
2024-07-27 19:29:19: Creating child process
2024-07-27 19:29:19: Server is created
2024-07-27 19:29:19: Thread handlers is created
2024-07-27 19:30:05: chToPaPipe pipe is created successfully
2024-07-27 19:30:05: paToChPipe pipe is created successfully
2024-07-27 19:30:05: Creating child process
2024-07-27 19:30:05: Server is created
2024-07-27 19:30:05: Thread handlers is created
2024-07-27 19:31:15: chToPaPipe pipe is created successfully
2024-07-27 19:31:15: paToChPipe pipe is created successfully
2024-07-27 19:31:15: Creating child process
2024-07-27 19:31:15: Server is created
2024-07-27 19:31:15: Thread handlers is created
2024-07-27 19:37:51: chToPaPipe pipe is created successfully
2024-07-27 19:37:51: paToChPipe pipe is created successfully
2024-07-27 19:37:51: Creating child process
2024-07-27 19:37:51: Server is created
2024-07-27 19:37:51: Thread handlers is created
2024-07-27 19:38:12: chToPaPipe pipe is created successfully
2024-07-27 19:38:12: paToChPipe pipe is created successfully
2024-07-27 19:38:12: Creating child process
2024-07-27 19:38:12: Server is created
2024-07-27 19:38:12: Thread handlers is created
2024-07-27 19:39:07: chToPaPipe pipe is created successfully
2024-07-27 19:39:07: paToChPipe pipe is created successfully
2024-07-27 19:39:07: Creating child process
2024-07-27 19:39:07: Server is created
2024-07-27 19:39:07: Thread handlers is created
2024-07-27 19:46:06: chToPaPipe pipe is created successfully
2024-07-27 19:46:06: paToChPipe pipe is created successfully
2024-07-27 19:46:06: Creating child process
2024-07-27 19:46:06: Server is created
2024-07-27 19:46:06: Thread handlers is created
2024-07-27 19:49:39: chToPaPipe pipe is created successfully
2024-07-27 19:49:39: paToChPipe pipe is created successfully
2024-07-27 19:49:39: Creating child process
2024-07-27 19:49:39: Server is created
2024-07-27 19:49:39: Thread handlers is created
2024-07-27 21:29:37: chToPaPipe pipe is created successfully
2024-07-27 21:29:37: paToChPipe pipe is created successfully
2024-07-27 21:29:37: Creating child process
2024-07-27 21:29:37: Server is created
2024-07-27 21:29:37: Thread handlers is created
2024-07-27 21:32:21: chToPaPipe pipe is created successfully
2024-07-27 21:32:21: paToChPipe pipe is created successfully
2024-07-27 21:32:21: Creating child process
2024-07-27 21:32:21: Server is created
2024-07-27 21:32:21: Thread handlers is created
2024-07-27 21:35:07: chToPaPipe pipe is created successfully
2024-07-27 21:35:07: paToChPipe pipe is created successfully
2024-07-27 21:35:07: Creating child process
2024-07-27 21:35:07: Server is created
2024-07-27 21:35:07: Thread handlers is created
2024-07-27 21:35:53: chToPaPipe pipe is created successfully
2024-07-27 21:35:53: paToChPipe pipe is created successfully
2024-07-27 21:35:53: Creating child process
2024-07-27 21:35:53: Server is created
2024-07-27 21:35:53: Thread handlers is created
2024-07-27 21:36:18: chToPaPipe pipe is created successfully
2024-07-27 21:36:18: paToChPipe pipe is created successfully
2024-07-27 21:36:18: Creating child process
2024-07-27 21:36:18: Server is created
2024-07-27 21:36:18: Thread handlers is created
2024-07-27 21:36:37: chToPaPipe pipe is created successfully
2024-07-27 21:36:37: paToChPipe pipe is created successfully
2024-07-27 21:36:37: Creating child process
2024-07-27 21:36:37: Server is created
2024-07-27 21:36:37: Thread handlers is created
2024-07-27 21:38:31: chToPaPipe pipe is created successfully
2024-07-27 21:38:31: paToChPipe pipe is created successfully
2024-07-27 21:38:31: Creating child process
2024-07-27 21:38:31: Server is created
2024-07-27 21:38:31: Thread handlers is created
2024-07-27 21:38:51: chToPaPipe pipe is created successfully
2024-07-27 21:38:51: paToChPipe pipe is created successfully
2024-07-27 21:38:51: Creating child process
2024-07-27 21:38:51: Server is created
2024-07-27 21:38:51: Thread handlers is created
2024-07-27 21:39:21: chToPaPipe pipe is created successfully
2024-07-27 21:39:21: paToChPipe pipe is created successfully
2024-07-27 21:39:21: Creating child process
2024-07-27 21:39:21: Server is created
2024-07-27 21:39:21: Thread handlers is created
2024-07-27 21:40:51: chToPaPipe pipe is created successfully
2024-07-27 21:40:51: paToChPipe pipe is created successfully
2024-07-27 21:40:51: Creating child process
2024-07-27 21:40:51: Server is created
2024-07-27 21:40:51: Thread handlers is created
2024-07-27 21:42:14: chToPaPipe pipe is created successfully
2024-07-27 21:42:14: paToChPipe pipe is created successfully
2024-07-27 21:42:14: Creating child process
2024-07-27 21:42:14: Server is created
2024-07-27 21:42:14: Thread handlers is created
2024-07-27 21:42:53: chToPaPipe pipe is created successfully
2024-07-27 21:42:53: paToChPipe pipe is created successfully
2024-07-27 21:42:53: Creating child process
2024-07-27 21:42:53: Server is created
2024-07-27 21:42:53: Thread handlers is created
2024-07-27 21:43:33: chToPaPipe pipe is created successfully
2024-07-27 21:43:33: paToChPipe pipe is created successfully
2024-07-27 21:43:33: Creating child process
2024-07-27 21:43:33: Server is created
2024-07-27 21:43:33: Thread handlers is created
2024-07-27 21:44:37: chToPaPipe pipe is created successfully
2024-07-27 21:44:37: paToChPipe pipe is created successfully
2024-07-27 21:44:37: Creating child process
2024-07-27 21:44:37: Server is created
2024-07-27 21:44:37: Thread handlers is created
2024-07-27 21:44:49: chToPaPipe pipe is created successfully
2024-07-27 21:44:49: paToChPipe pipe is created successfully
2024-07-27 21:44:49: Creating child process
2024-07-27 21:44:49: Server is created
2024-07-27 21:44:49: Thread handlers is created
2024-07-27 21:48:42: chToPaPipe pipe is created successfully
2024-07-27 21:48:42: paToChPipe pipe is created successfully
2024-07-27 21:48:42: Creating child process
2024-07-27 21:48:42: Server is created
2024-07-27 21:48:42: Thread handlers is created
2024-07-27 21:50:14: chToPaPipe pipe is created successfully
2024-07-27 21:50:14: paToChPipe pipe is created successfully
2024-07-27 21:50:14: Creating child process
2024-07-27 21:50:14: Server is created
2024-07-27 21:50:14: Thread handlers is created
2024-07-27 21:50:29: chToPaPipe pipe is created successfully
2024-07-27 21:50:29: paToChPipe pipe is created successfully
2024-07-27 21:50:29: Creating child process
2024-07-27 21:50:29: Server is created
2024-07-27 21:50:29: Thread handlers is created
2024-07-27 21:50:38: chToPaPipe pipe is created successfully
2024-07-27 21:50:38: paToChPipe pipe is created successfully
2024-07-27 21:50:38: Creating child process
2024-07-27 21:50:38: Server is created
2024-07-27 21:50:38: Thread handlers is created
2024-07-27 21:57:06: chToPaPipe pipe is created successfully
2024-07-27 21:57:06: paToChPipe pipe is created successfully
2024-07-27 21:57:06: Creating child process
2024-07-27 21:57:06: Server is created
2024-07-27 21:57:06: Thread handlers is created
2024-07-27 21:58:07: chToPaPipe pipe is created successfully
2024-07-27 21:58:07: paToChPipe pipe is created successfully
2024-07-27 21:58:07: Creating child process
2024-07-27 21:58:07: Server is created
2024-07-27 21:58:07: Thread handlers is created
2024-07-27 21:58:49: chToPaPipe pipe is created successfully
2024-07-27 21:58:49: paToChPipe pipe is created successfully
2024-07-27 21:58:49: Creating child process
2024-07-27 22:04:58: chToPaPipe pipe is created successfully
2024-07-27 22:04:58: paToChPipe pipe is created successfully
2024-07-27 22:04:58: Creating child process
2024-07-27 22:05:28: chToPaPipe pipe is created successfully
2024-07-27 22:05:28: paToChPipe pipe is created successfully
2024-07-27 22:05:28: Creating child process
2024-07-27 22:05:28: Server is created
2024-07-27 22:05:28: Thread handlers is created
2024-07-27 22:06:04: chToPaPipe pipe is created successfully
2024-07-27 22:06:04: paToChPipe pipe is created successfully
2024-07-27 22:06:04: Creating child process
2024-07-27 22:06:04: Server is created
2024-07-27 22:06:05: Thread handlers is created
2024-07-27 22:08:37: chToPaPipe pipe is created successfully
2024-07-27 22:08:37: paToChPipe pipe is created successfully
2024-07-27 22:08:37: Creating child process
2024-07-27 22:08:37: Server is created
2024-07-27 22:08:37: Thread handlers is created
2024-07-27 22:09:13: chToPaPipe pipe is created successfully
2024-07-27 22:09:13: paToChPipe pipe is created successfully
2024-07-27 22:09:13: Creating child process
2024-07-27 22:09:13: Server is created
2024-07-27 22:09:13: Thread handlers is created
2024-07-27 22:09:56: chToPaPipe pipe is created successfully
2024-07-27 22:09:56: paToChPipe pipe is created successfully
2024-07-27 22:09:56: Creating child process
2024-07-27 22:09:56: Server is created
2024-07-27 22:09:56: Thread handlers is created
2024-07-27 22:10:49: chToPaPipe pipe is created successfully
2024-07-27 22:10:49: paToChPipe pipe is created successfully
2024-07-27 22:10:49: Creating child process
2024-07-27 22:10:49: Server is created
2024-07-27 22:10:49: Thread handlers is created
2024-07-27 22:11:06: chToPaPipe pipe is created successfully
2024-07-27 22:11:06: paToChPipe pipe is created successfully
2024-07-27 22:11:06: Creating child process
2024-07-27 22:11:06: Server is created
2024-07-27 22:11:06: Thread handlers is created
2024-07-27 22:11:43: chToPaPipe pipe is created successfully
2024-07-27 22:11:43: paToChPipe pipe is created successfully
2024-07-27 22:11:43: Creating child process
2024-07-27 22:11:43: Server is created
2024-07-27 22:11:43: Thread handlers is created
2024-07-27 22:13:34: chToPaPipe pipe is created successfully
2024-07-27 22:13:34: paToChPipe pipe is created successfully
2024-07-27 22:13:34: Creating child process
2024-07-27 22:13:34: Server is created
2024-07-27 22:13:34: Thread handlers is created
2024-07-27 22:17:44: chToPaPipe pipe is created successfully
2024-07-27 22:17:44: paToChPipe pipe is created successfully
2024-07-27 22:17:44: Creating child process
2024-07-27 22:17:44: Server is created
2024-07-27 22:17:44: Thread handlers is created
2024-07-27 22:18:55: chToPaPipe pipe is created successfully
2024-07-27 22:18:55: paToChPipe pipe is created successfully
2024-07-27 22:18:55: Creating child process
2024-07-27 22:18:55: Server is created
2024-07-27 22:18:55: Thread handlers is created
2024-07-27 22:19:57: chToPaPipe pipe is created successfully
2024-07-27 22:19:57: paToChPipe pipe is created successfully
2024-07-27 22:19:57: Creating child process
2024-07-27 22:19:57: Server is created
2024-07-27 22:19:57: Thread handlers is created
2024-07-27 22:21:00: chToPaPipe pipe is created successfully
2024-07-27 22:21:00: paToChPipe pipe is created successfully
2024-07-27 22:21:00: Creating child process
2024-07-27 22:21:00: Server is created
2024-07-27 22:21:00: Thread handlers is created
2024-07-27 22:22:12: chToPaPipe pipe is created successfully
2024-07-27 22:22:12: paToChPipe pipe is created successfully
2024-07-27 22:22:12: Creating child process
2024-07-27 22:22:12: Server is created
2024-07-27 22:22:12: Thread handlers is created
2024-07-27 22:22:47: chToPaPipe pipe is created successfully
2024-07-27 22:22:47: paToChPipe pipe is created successfully
2024-07-27 22:22:47: Creating child process
2024-07-27 22:22:47: Server is created
2024-07-27 22:22:47: Thread handlers is created
2024-07-27 22:23:07: chToPaPipe pipe is created successfully
2024-07-27 22:23:07: paToChPipe pipe is created successfully
2024-07-27 22:23:07: Creating child process
2024-07-27 22:23:07: Server is created
2024-07-27 22:23:07: Thread handlers is created
2024-07-27 22:24:47: chToPaPipe pipe is created successfully
2024-07-27 22:24:47: paToChPipe pipe is created successfully
2024-07-27 22:24:47: Creating child process
2024-07-27 22:24:47: Server is created
2024-07-27 22:24:47: Thread handlers is created
2024-07-27 22:36:34: chToPaPipe pipe is created successfully
2024-07-27 22:36:34: paToChPipe pipe is created successfully
2024-07-27 22:36:34: Creating child process
2024-07-27 22:36:34: Server is created
2024-07-27 22:36:34: Thread handlers is created
2024-07-27 22:38:28: chToPaPipe pipe is created successfully
2024-07-27 22:38:28: paToChPipe pipe is created successfully
2024-07-27 22:38:28: Creating child process
2024-07-27 22:38:28: Server is created
2024-07-27 22:38:28: Thread handlers is created
2024-07-27 22:40:01: chToPaPipe pipe is created successfully
2024-07-27 22:40:01: paToChPipe pipe is created successfully
2024-07-27 22:40:01: Creating child process
2024-07-27 22:40:01: Server is created
2024-07-27 22:40:01: Thread handlers is created
2024-07-27 22:40:30: chToPaPipe pipe is created successfully
2024-07-27 22:40:30: paToChPipe pipe is created successfully
2024-07-27 22:40:30: Creating child process
2024-07-27 22:40:30: Server is created
2024-07-27 22:40:30: Thread handlers is created
2024-07-27 22:45:47: chToPaPipe pipe is created successfully
2024-07-27 22:45:47: paToChPipe pipe is created successfully
2024-07-27 22:45:47: Creating child process
2024-07-27 22:45:47: Server is created
2024-07-27 22:45:47: Thread handlers is created
2024-07-27 22:46:12: chToPaPipe pipe is created successfully
2024-07-27 22:46:12: paToChPipe pipe is created successfully
2024-07-27 22:46:12: Creating child process
2024-07-27 22:46:12: Server is created
2024-07-27 22:46:12: Thread handlers is created
2024-07-27 22:52:56: chToPaPipe pipe is created successfully
2024-07-27 22:52:56: paToChPipe pipe is created successfully
2024-07-27 22:52:56: Creating child process
2024-07-27 22:52:56: Server is created
2024-07-27 22:52:56: Thread handlers is created
2024-07-27 22:54:34: chToPaPipe pipe is created successfully
2024-07-27 22:54:34: paToChPipe pipe is created successfully
2024-07-27 22:54:34: Creating child process
2024-07-27 22:54:42: Server is created
2024-07-27 22:54:42: Thread handlers is created
2024-07-27 22:58:42: chToPaPipe pipe is created successfully
2024-07-27 22:58:42: paToChPipe pipe is created successfully
2024-07-27 22:58:42: Creating child process
2024-07-27 22:58:42: Server is created
2024-07-27 22:58:42: Thread handlers is created
2024-07-27 22:59:08: chToPaPipe pipe is created successfully
2024-07-27 22:59:08: paToChPipe pipe is created successfully
2024-07-27 22:59:08: Creating child process
2024-07-27 22:59:08: Server is created
2024-07-27 22:59:08: Thread handlers is created
2024-07-27 22:59:31: chToPaPipe pipe is created successfully
2024-07-27 22:59:31: paToChPipe pipe is created successfully
2024-07-27 22:59:31: Creating child process
2024-07-27 22:59:31: Server is created
2024-07-27 22:59:31: Thread handlers is created
2024-07-27 23:00:45: chToPaPipe pipe is created successfully
2024-07-27 23:00:45: paToChPipe pipe is created successfully
2024-07-27 23:00:45: Creating child process
2024-07-27 23:00:45: Server is created
2024-07-27 23:00:45: Thread handlers is created
2024-07-27 23:01:56: chToPaPipe pipe is created successfully
2024-07-27 23:01:56: paToChPipe pipe is created successfully
2024-07-27 23:01:56: Creating child process
2024-07-27 23:01:56: Server is created
2024-07-27 23:01:56: Thread handlers is created
2024-07-27 23:03:22: chToPaPipe pipe is created successfully
2024-07-27 23:03:22: paToChPipe pipe is created successfully
2024-07-27 23:03:22: Creating child process
2024-07-27 23:03:22: Server is created
2024-07-27 23:03:22: Thread handlers is created
2024-07-27 23:03:59: chToPaPipe pipe is created successfully
2024-07-27 23:03:59: paToChPipe pipe is created successfully
2024-07-27 23:03:59: Creating child process
2024-07-27 23:03:59: Server is created
2024-07-27 23:03:59: Thread handlers is created
2024-07-27 23:04:59: chToPaPipe pipe is created successfully
2024-07-27 23:04:59: paToChPipe pipe is created successfully
2024-07-27 23:04:59: Creating child process
2024-07-27 23:04:59: Server is created
2024-07-27 23:04:59: Thread handlers is created
2024-07-27 23:08:05: chToPaPipe pipe is created successfully
2024-07-27 23:08:05: paToChPipe pipe is created successfully
2024-07-27 23:08:05: Creating child process
2024-07-27 23:08:05: Server is created
2024-07-27 23:08:05: Thread handlers is created
2024-07-27 23:22:16: chToPaPipe pipe is created successfully
2024-07-27 23:22:16: paToChPipe pipe is created successfully
2024-07-27 23:22:16: Creating child process
2024-07-27 23:22:16: Server is created
2024-07-27 23:22:16: Thread handlers is created
2024-07-28 02:07:20: chToPaPipe pipe is created successfully
2024-07-28 02:07:20: paToChPipe pipe is created successfully
2024-07-28 02:07:20: Creating child process
2024-07-28 02:07:20: Server is created
2024-07-28 02:07:20: Thread handlers is created
2024-07-28 02:08:47: chToPaPipe pipe is created successfully
2024-07-28 02:08:47: paToChPipe pipe is created successfully
2024-07-28 02:08:47: Creating child process
2024-07-28 02:08:47: Server is created
2024-07-28 02:08:47: Thread handlers is created
2024-07-28 02:22:07: chToPaPipe pipe is created successfully
2024-07-28 02:22:07: paToChPipe pipe is created successfully
2024-07-28 02:22:07: Creating child process
2024-07-28 02:22:07: Server is created
2024-07-28 02:22:07: Thread handlers is created
2024-07-28 02:31:08: chToPaPipe pipe is created successfully
2024-07-28 02:31:08: paToChPipe pipe is created successfully
2024-07-28 02:31:08: Creating child process
2024-07-28 02:32:53: chToPaPipe pipe is created successfully
2024-07-28 02:32:53: paToChPipe pipe is created successfully
2024-07-28 02:32:53: Creating child process
2024-07-28 02:36:13: chToPaPipe pipe is created successfully
2024-07-28 02:36:13: paToChPipe pipe is created successfully
2024-07-28 02:36:13: Creating child process
2024-07-28 02:37:20: chToPaPipe pipe is created successfully
2024-07-28 02:37:20: paToChPipe pipe is created successfully
2024-07-28 02:37:20: Creating child process
2024-07-28 02:37:39: chToPaPipe pipe is created successfully
2024-07-28 02:37:39: paToChPipe pipe is created successfully
2024-07-28 02:37:39: Creating child process
2024-07-28 02:40:39: chToPaPipe pipe is created successfully
2024-07-28 02:40:39: paToChPipe pipe is created successfully
2024-07-28 02:40:39: Creating child process
2024-07-28 02:41:08: chToPaPipe pipe is created successfully
2024-07-28 02:41:08: paToChPipe pipe is created successfully
2024-07-28 02:41:08: Creating child process
2024-07-28 02:46:52: chToPaPipe pipe is created successfully
2024-07-28 02:46:52: paToChPipe pipe is created successfully
2024-07-28 02:46:52: Creating child process
2024-07-28 02:47:14: Server is created
2024-07-28 02:47:22: Thread handlers is created
2024-07-28 02:48:49: chToPaPipe pipe is created successfully
2024-07-28 02:48:49: paToChPipe pipe is created successfully
2024-07-28 02:48:49: Creating child process
2024-07-28 02:48:49: Server is created
2024-07-28 02:48:49: Thread handlers is created
2024-07-28 02:49:16: chToPaPipe pipe is created successfully
2024-07-28 02:49:16: paToChPipe pipe is created successfully
2024-07-28 02:49:16: Creating child process
2024-07-28 02:49:16: Server is created
2024-07-28 02:49:16: Thread handlers is created
2024-07-28 02:49:54: chToPaPipe pipe is created successfully
2024-07-28 02:49:54: paToChPipe pipe is created successfully
2024-07-28 02:49:54: Creating child process
2024-07-28 02:51:52: chToPaPipe pipe is created successfully
2024-07-28 02:51:52: paToChPipe pipe is created successfully
2024-07-28 02:51:52: Creating child process
2024-07-28 02:51:52: Server is created
2024-07-28 02:51:52: Thread handlers is created
2024-07-28 02:56:42: chToPaPipe pipe is created successfully
2024-07-28 02:56:42: paToChPipe pipe is created successfully
2024-07-28 02:56:42: Creating child process
2024-07-28 02:56:42: Server is created
2024-07-28 02:56:42: Thread handlers is created
2024-07-28 02:58:41: chToPaPipe pipe is created successfully
2024-07-28 02:58:41: paToChPipe pipe is created successfully
2024-07-28 02:58:41: Creating child process
2024-07-28 02:58:41: Server is created
2024-07-28 02:58:41: Thread handlers is created
2024-07-28 03:04:08: chToPaPipe pipe is created successfully
2024-07-28 03:04:08: paToChPipe pipe is created successfully
2024-07-28 03:04:08: Creating child process
2024-07-28 03:04:08: Server is created
2024-07-28 03:04:08: Thread handlers is created
2024-07-28 03:04:22: chToPaPipe pipe is created successfully
2024-07-28 03:04:22: paToChPipe pipe is created successfully
2024-07-28 03:04:22: Creating child process
2024-07-28 03:04:22: Server is created
2024-07-28 03:04:22: Thread handlers is created
2024-07-28 03:05:16: chToPaPipe pipe is created successfully
2024-07-28 03:05:16: paToChPipe pipe is created successfully
2024-07-28 03:05:16: Creating child process
2024-07-28 03:05:16: Server is created
2024-07-28 03:05:16: Thread handlers is created
2024-07-28 03:07:57: chToPaPipe pipe is created successfully
2024-07-28 03:07:57: paToChPipe pipe is created successfully
2024-07-28 03:07:57: Creating child process
2024-07-28 03:07:57: Server is created
2024-07-28 03:07:57: Thread handlers is created
2024-07-28 03:08:06: chToPaPipe pipe is created successfully
2024-07-28 03:08:06: paToChPipe pipe is created successfully
2024-07-28 03:08:06: Creating child process
2024-07-28 03:08:06: Server is created
2024-07-28 03:08:06: Thread handlers is created
2024-07-28 10:25:52: chToPaPipe pipe is created successfully
2024-07-28 10:25:52: paToChPipe pipe is created successfully
2024-07-28 10:25:52: Creating child process
2024-07-28 10:25:52: Server is created
2024-07-28 10:25:52: Thread handlers is created
2024-07-28 10:31:45: chToPaPipe pipe is created successfully
2024-07-28 10:31:45: paToChPipe pipe is created successfully
2024-07-28 10:31:45: Creating child process
2024-07-28 10:31:45: Server is created
2024-07-28 10:31:45: Thread handlers is created
2024-07-28 10:36:07: chToPaPipe pipe is created successfully
2024-07-28 10:36:07: paToChPipe pipe is created successfully
2024-07-28 10:36:07: Creating child process
2024-07-28 10:36:07: Server is created
2024-07-28 10:36:07: Thread handlers is created
2024-07-28 10:38:13: chToPaPipe pipe is created successfully
2024-07-28 10:38:13: paToChPipe pipe is created successfully
2024-07-28 10:38:13: Creating child process
2024-07-28 10:38:13: Server is created
2024-07-28 10:38:13: Thread handlers is created
2024-07-28 10:40:56: chToPaPipe pipe is created successfully
2024-07-28 10:40:56: paToChPipe pipe is created successfully
2024-07-28 10:40:56: Creating child process
2024-07-28 10:40:56: Server is created
2024-07-28 10:40:56: Thread handlers is created
2024-07-28 10:41:52: chToPaPipe pipe is created successfully
2024-07-28 10:41:52: paToChPipe pipe is created successfully
2024-07-28 10:41:52: Creating child process
2024-07-28 10:41:52: Server is created
2024-07-28 10:41:52: Thread handlers is created
2024-07-28 10:42:50: chToPaPipe pipe is created successfully
2024-07-28 10:42:50: paToChPipe pipe is created successfully
2024-07-28 10:42:50: Creating child process
2024-07-28 10:42:50: Server is created
2024-07-28 10:42:50: Thread handlers is created
2024-07-28 10:45:29: chToPaPipe pipe is created successfully
2024-07-28 10:45:29: paToChPipe pipe is created successfully
2024-07-28 10:45:29: Creating child process
2024-07-28 10:45:29: Server is created
2024-07-28 10:45:29: Thread handlers is created
2024-07-28 10:46:36: chToPaPipe pipe is created successfully
2024-07-28 10:46:36: paToChPipe pipe is created successfully
2024-07-28 10:46:36: Creating child process
2024-07-28 10:46:36: Server is created
2024-07-28 10:46:36: Thread handlers is created
2024-07-28 10:47:57: chToPaPipe pipe is created successfully
2024-07-28 10:47:57: paToChPipe pipe is created successfully
2024-07-28 10:47:57: Creating child process
2024-07-28 10:47:57: Server is created
2024-07-28 10:47:57: Thread handlers is created
2024-07-28 10:52:16: chToPaPipe pipe is created successfully
2024-07-28 10:52:16: paToChPipe pipe is created successfully
2024-07-28 10:52:16: Creating child process
2024-07-28 10:52:16: Server is created
2024-07-28 10:52:16: Thread handlers is created
2024-07-28 10:53:19: chToPaPipe pipe is created successfully
2024-07-28 10:53:19: paToChPipe pipe is created successfully
2024-07-28 10:53:19: Creating child process
2024-07-28 10:53:19: Server is created
2024-07-28 10:53:19: Thread handlers is created
2024-07-28 10:55:08: chToPaPipe pipe is created successfully
2024-07-28 10:55:08: paToChPipe pipe is created successfully
2024-07-28 10:55:08: Creating child process
2024-07-28 10:55:08: Server is created
2024-07-28 10:55:08: Thread handlers is created
2024-07-28 10:55:38: chToPaPipe pipe is created successfully
2024-07-28 10:55:38: paToChPipe pipe is created successfully
2024-07-28 10:55:38: Creating child process
2024-07-28 10:55:38: Server is created
2024-07-28 10:55:38: Thread handlers is created
2024-07-28 10:57:21: chToPaPipe pipe is created successfully
2024-07-28 10:57:21: paToChPipe pipe is created successfully
2024-07-28 10:57:21: Creating child process
2024-07-28 10:57:21: Server is created
2024-07-28 10:57:21: Thread handlers is created
2024-07-28 11:00:17: chToPaPipe pipe is created successfully
2024-07-28 11:00:17: paToChPipe pipe is created successfully
2024-07-28 11:00:17: Creating child process
2024-07-28 11:00:17: Server is created
2024-07-28 11:00:17: Thread handlers is created
2024-07-28 11:02:22: chToPaPipe pipe is created successfully
2024-07-28 11:02:22: paToChPipe pipe is created successfully
2024-07-28 11:02:22: Creating child process
2024-07-28 11:02:22: Server is created
2024-07-28 11:02:22: Thread handlers is created
2024-07-28 11:02:46: chToPaPipe pipe is created successfully
2024-07-28 11:02:46: paToChPipe pipe is created successfully
2024-07-28 11:02:46: Creating child process
2024-07-28 11:02:46: Server is created
2024-07-28 11:02:46: Thread handlers is created
2024-07-28 11:06:40: chToPaPipe pipe is created successfully
2024-07-28 11:06:40: paToChPipe pipe is created successfully
2024-07-28 11:06:40: Creating child process
2024-07-28 11:06:40: Server is created
2024-07-28 11:06:40: Thread handlers is created
2024-07-28 11:08:29: chToPaPipe pipe is created successfully
2024-07-28 11:08:29: paToChPipe pipe is created successfully
2024-07-28 11:08:29: Creating child process
2024-07-28 11:08:29: Server is created
2024-07-28 11:08:29: Thread handlers is created
2024-07-28 11:08:56: chToPaPipe pipe is created successfully
2024-07-28 11:08:56: paToChPipe pipe is created successfully
2024-07-28 11:08:56: Creating child process
2024-07-28 11:08:56: Server is created
2024-07-28 11:08:56: Thread handlers is created
2024-07-28 11:11:18: chToPaPipe pipe is created successfully
2024-07-28 11:11:18: paToChPipe pipe is created successfully
2024-07-28 11:11:18: Creating child process
2024-07-28 11:11:18: Server is created
2024-07-28 11:11:18: Thread handlers is created
2024-07-28 11:18:10: chToPaPipe pipe is created successfully
2024-07-28 11:18:10: paToChPipe pipe is created successfully
2024-07-28 11:18:10: Creating child process
2024-07-28 11:18:10: Server is created
2024-07-28 11:18:10: Thread handlers is created
2024-07-28 11:20:17: chToPaPipe pipe is created successfully
2024-07-28 11:20:17: paToChPipe pipe is created successfully
2024-07-28 11:20:17: Creating child process
2024-07-28 11:20:17: Server is created
2024-07-28 11:20:17: Thread handlers is created
2024-07-28 11:21:07: chToPaPipe pipe is created successfully
2024-07-28 11:21:07: paToChPipe pipe is created successfully
2024-07-28 11:21:07: Creating child process
2024-07-28 11:21:07: Server is created
2024-07-28 11:21:07: Thread handlers is created
2024-07-28 11:22:44: chToPaPipe pipe is created successfully
2024-07-28 11:22:44: paToChPipe pipe is created successfully
2024-07-28 11:22:44: Creating child process
2024-07-28 11:22:44: Server is created
2024-07-28 11:22:44: Thread handlers is created
2024-07-28 11:26:41: chToPaPipe pipe is created successfully
2024-07-28 11:26:41: paToChPipe pipe is created successfully
2024-07-28 11:26:41: Creating child process
2024-07-28 11:26:41: Server is created
2024-07-28 11:26:41: Thread handlers is created
2024-07-28 11:27:37: chToPaPipe pipe is created successfully
2024-07-28 11:27:37: paToChPipe pipe is created successfully
2024-07-28 11:27:37: Creating child process
2024-07-28 11:27:37: Server is created
2024-07-28 11:27:37: Thread handlers is created
2024-07-28 11:28:38: chToPaPipe pipe is created successfully
2024-07-28 11:28:38: paToChPipe pipe is created successfully
2024-07-28 11:28:38: Creating child process
2024-07-28 11:28:38: Server is created
2024-07-28 11:28:38: Thread handlers is created
2024-07-28 11:29:34: chToPaPipe pipe is created successfully
2024-07-28 11:29:34: paToChPipe pipe is created successfully
2024-07-28 11:29:34: Creating child process
2024-07-28 11:29:34: Server is created
2024-07-28 11:29:34: Thread handlers is created
2024-07-28 11:30:09: chToPaPipe pipe is created successfully
2024-07-28 11:30:09: paToChPipe pipe is created successfully
2024-07-28 11:30:09: Creating child process
2024-07-28 11:30:09: Server is created
2024-07-28 11:30:09: Thread handlers is created
2024-07-28 11:30:41: chToPaPipe pipe is created successfully
2024-07-28 11:30:41: paToChPipe pipe is created successfully
2024-07-28 11:30:41: Creating child process
2024-07-28 11:30:41: Server is created
2024-07-28 11:30:41: Thread handlers is created
2024-07-28 11:31:27: chToPaPipe pipe is created successfully
2024-07-28 11:31:27: paToChPipe pipe is created successfully
2024-07-28 11:31:27: Creating child process
2024-07-28 11:31:27: Server is created
2024-07-28 11:31:27: Thread handlers is created
2024-07-28 11:32:10: chToPaPipe pipe is created successfully
2024-07-28 11:32:10: paToChPipe pipe is created successfully
2024-07-28 11:32:10: Creating child process
2024-07-28 11:32:10: Server is created
2024-07-28 11:32:10: Thread handlers is created
2024-07-28 11:33:30: chToPaPipe pipe is created successfully
2024-07-28 11:33:30: paToChPipe pipe is created successfully
2024-07-28 11:33:30: Creating child process
2024-07-28 11:33:30: Server is created
2024-07-28 11:33:30: Thread handlers is created
2024-07-28 11:34:01: chToPaPipe pipe is created successfully
2024-07-28 11:34:01: paToChPipe pipe is created successfully
2024-07-28 11:34:01: Creating child process
2024-07-28 11:34:01: Server is created
2024-07-28 11:34:01: Thread handlers is created
2024-07-28 11:37:44: chToPaPipe pipe is created successfully
2024-07-28 11:37:44: paToChPipe pipe is created successfully
2024-07-28 11:37:44: Creating child process
2024-07-28 11:37:44: Server is created
2024-07-28 11:37:44: Thread handlers is created
2024-07-28 11:39:09: chToPaPipe pipe is created successfully
2024-07-28 11:39:09: paToChPipe pipe is created successfully
2024-07-28 11:39:09: Creating child process
2024-07-28 11:39:09: Server is created
2024-07-28 11:39:09: Thread handlers is created
2024-07-28 11:40:38: chToPaPipe pipe is created successfully
2024-07-28 11:40:38: paToChPipe pipe is created successfully
2024-07-28 11:40:38: Creating child process
2024-07-28 11:40:38: Server is created
2024-07-28 11:40:38: Thread handlers is created
2024-07-28 11:41:12: chToPaPipe pipe is created successfully
2024-07-28 11:41:12: paToChPipe pipe is created successfully
2024-07-28 11:41:12: Creating child process
2024-07-28 11:41:12: Server is created
2024-07-28 11:41:12: Thread handlers is created
2024-07-28 11:47:21: chToPaPipe pipe is created successfully
2024-07-28 11:47:21: paToChPipe pipe is created successfully
2024-07-28 11:47:21: Creating child process
2024-07-28 11:47:21: Server is created
2024-07-28 11:47:21: Thread handlers is created
2024-07-28 11:49:09: chToPaPipe pipe is created successfully
2024-07-28 11:49:09: paToChPipe pipe is created successfully
2024-07-28 11:49:09: Creating child process
2024-07-28 11:49:09: Server is created
2024-07-28 11:49:09: Thread handlers is created
2024-07-28 11:51:00: chToPaPipe pipe is created successfully
2024-07-28 11:51:00: paToChPipe pipe is created successfully
2024-07-28 11:51:00: Creating child process
2024-07-28 11:51:00: Server is created
2024-07-28 11:51:00: Thread handlers is created
2024-07-28 11:51:15: chToPaPipe pipe is created successfully
2024-07-28 11:51:15: paToChPipe pipe is created successfully
2024-07-28 11:51:15: Creating child process
2024-07-28 11:51:15: Server is created
2024-07-28 11:51:15: Thread handlers is created
2024-07-28 11:52:00: chToPaPipe pipe is created successfully
2024-07-28 11:52:00: paToChPipe pipe is created successfully
2024-07-28 11:52:00: Creating child process
2024-07-28 11:52:00: Server is created
2024-07-28 11:52:00: Thread handlers is created
2024-07-28 11:52:42: chToPaPipe pipe is created successfully
2024-07-28 11:52:42: paToChPipe pipe is created successfully
2024-07-28 11:52:42: Creating child process
2024-07-28 11:52:42: Server is created
2024-07-28 11:52:42: Thread handlers is created
2024-07-28 11:53:11: chToPaPipe pipe is created successfully
2024-07-28 11:53:11: paToChPipe pipe is created successfully
2024-07-28 11:53:11: Creating child process
2024-07-28 11:53:11: Server is created
2024-07-28 11:53:11: Thread handlers is created
2024-07-28 11:53:39: chToPaPipe pipe is created successfully
2024-07-28 11:53:39: paToChPipe pipe is created successfully
2024-07-28 11:53:39: Creating child process
2024-07-28 11:53:39: Server is created
2024-07-28 11:53:39: Thread handlers is created
2024-07-28 11:55:37: chToPaPipe pipe is created successfully
2024-07-28 11:55:37: paToChPipe pipe is created successfully
2024-07-28 11:55:37: Creating child process
2024-07-28 11:55:37: Server is created
2024-07-28 11:55:37: Thread handlers is created
2024-07-28 11:57:02: chToPaPipe pipe is created successfully
2024-07-28 11:57:02: paToChPipe pipe is created successfully
2024-07-28 11:57:02: Creating child process
2024-07-28 11:57:02: Server is created
2024-07-28 11:57:02: Thread handlers is created
2024-07-28 11:59:05: chToPaPipe pipe is created successfully
2024-07-28 11:59:05: paToChPipe pipe is created successfully
2024-07-28 11:59:05: Creating child process
2024-07-28 11:59:05: Server is created
2024-07-28 11:59:05: Thread handlers is created
2024-07-28 11:59:54: chToPaPipe pipe is created successfully
2024-07-28 11:59:54: paToChPipe pipe is created successfully
2024-07-28 11:59:54: Creating child process
2024-07-28 11:59:54: Server is created
2024-07-28 11:59:54: Thread handlers is created
2024-07-28 12:01:30: chToPaPipe pipe is created successfully
2024-07-28 12:01:30: paToChPipe pipe is created successfully
2024-07-28 12:01:30: Creating child process
2024-07-28 12:01:30: Server is created
2024-07-28 12:01:30: Thread handlers is created
2024-07-28 12:03:50: chToPaPipe pipe is created successfully
2024-07-28 12:03:50: paToChPipe pipe is created successfully
2024-07-28 12:03:50: Creating child process
2024-07-28 12:03:50: Server is created
2024-07-28 12:03:50: Thread handlers is created
2024-07-28 12:06:15: chToPaPipe pipe is created successfully
2024-07-28 12:06:15: paToChPipe pipe is created successfully
2024-07-28 12:06:15: Creating child process
2024-07-28 12:06:15: Server is created
2024-07-28 12:06:15: Thread handlers is created
2024-07-28 12:10:01: chToPaPipe pipe is created successfully
2024-07-28 12:10:01: paToChPipe pipe is created successfully
2024-07-28 12:10:01: Creating child process
2024-07-28 12:10:01: Server is created
2024-07-28 12:10:01: Thread handlers is created
2024-07-28 12:15:19: chToPaPipe pipe is created successfully
2024-07-28 12:15:19: paToChPipe pipe is created successfully
2024-07-28 12:15:19: Creating child process
2024-07-28 12:15:19: Server is created
2024-07-28 12:15:19: Thread handlers is created
2024-07-28 12:16:37: chToPaPipe pipe is created successfully
2024-07-28 12:16:37: paToChPipe pipe is created successfully
2024-07-28 12:16:37: Creating child process
2024-07-28 12:16:37: Server is created
2024-07-28 12:16:37: Thread handlers is created
2024-07-28 12:17:23: chToPaPipe pipe is created successfully
2024-07-28 12:17:23: paToChPipe pipe is created successfully
2024-07-28 12:17:23: Creating child process
2024-07-28 12:17:23: Server is created
2024-07-28 12:17:23: Thread handlers is created
2024-07-28 12:22:34: chToPaPipe pipe is created successfully
2024-07-28 12:22:34: paToChPipe pipe is created successfully
2024-07-28 12:22:34: Creating child process
2024-07-28 12:22:34: Server is created
2024-07-28 12:22:34: Thread handlers is created
2024-07-28 13:40:47: chToPaPipe pipe is created successfully
2024-07-28 13:40:47: paToChPipe pipe is created successfully
2024-07-28 13:40:47: Creating child process
2024-07-28 13:40:47: Server is created
2024-07-28 13:40:47: Thread handlers is created
2024-07-28 13:41:27: chToPaPipe pipe is created successfully
2024-07-28 13:41:27: paToChPipe pipe is created successfully
2024-07-28 13:41:27: Creating child process
2024-07-28 13:41:27: Server is created
2024-07-28 13:41:27: Thread handlers is created
2024-07-28 13:41:32: chToPaPipe pipe is created successfully
2024-07-28 13:41:32: paToChPipe pipe is created successfully
2024-07-28 13:41:32: Creating child process
2024-07-28 13:41:32: Server is created
2024-07-28 13:41:32: Thread handlers is created
2024-07-28 13:42:23: chToPaPipe pipe is created successfully
2024-07-28 13:42:23: paToChPipe pipe is created successfully
2024-07-28 13:42:23: Creating child process
2024-07-28 13:42:23: Server is created
2024-07-28 13:42:23: Thread handlers is created
2024-07-28 13:54:21: chToPaPipe pipe is created successfully
2024-07-28 13:54:21: paToChPipe pipe is created successfully
2024-07-28 13:54:21: Creating child process
2024-07-28 13:54:21: Server is created
2024-07-28 13:54:21: Thread handlers is created
2024-07-28 14:01:50: chToPaPipe pipe is created successfully
2024-07-28 14:01:50: paToChPipe pipe is created successfully
2024-07-28 14:01:50: Creating child process
2024-07-28 14:01:50: Server is created
2024-07-28 14:01:50: Thread handlers is created
2024-07-28 14:02:57: chToPaPipe pipe is created successfully
2024-07-28 14:02:57: paToChPipe pipe is created successfully
2024-07-28 14:02:57: Creating child process
2024-07-28 14:02:57: Server is created
2024-07-28 14:02:57: Thread handlers is created
2024-07-28 14:06:25: chToPaPipe pipe is created successfully
2024-07-28 14:06:25: paToChPipe pipe is created successfully
2024-07-28 14:06:25: Creating child process
2024-07-28 14:06:25: Server is created
2024-07-28 14:06:25: Thread handlers is created
2024-07-28 14:19:02: chToPaPipe pipe is created successfully
2024-07-28 14:19:02: paToChPipe pipe is created successfully
2024-07-28 14:19:02: Creating child process
2024-07-28 14:19:02: Server is created
2024-07-28 14:19:02: Thread handlers is created
2024-07-28 14:31:10: chToPaPipe pipe is created successfully
2024-07-28 14:31:10: paToChPipe pipe is created successfully
2024-07-28 14:31:10: Creating child process
2024-07-28 14:31:10: Server is created
2024-07-28 14:31:10: Thread handlers is created
2024-07-28 14:33:48: chToPaPipe pipe is created successfully
2024-07-28 14:33:48: paToChPipe pipe is created successfully
2024-07-28 14:33:48: Creating child process
2024-07-28 14:33:48: Server is created
2024-07-28 14:33:48: Thread handlers is created
2024-07-28 14:36:05: chToPaPipe pipe is created successfully
2024-07-28 14:36:05: paToChPipe pipe is created successfully
2024-07-28 14:36:05: Creating child process
2024-07-28 14:36:05: Server is created
2024-07-28 14:36:05: Thread handlers is created
2024-07-28 14:36:29: chToPaPipe pipe is created successfully
2024-07-28 14:36:29: paToChPipe pipe is created successfully
2024-07-28 14:36:29: Creating child process
2024-07-28 14:36:29: Server is created
2024-07-28 14:36:29: Thread handlers is created
2024-07-28 14:37:21: chToPaPipe pipe is created successfully
2024-07-28 14:37:21: paToChPipe pipe is created successfully
2024-07-28 14:37:21: Creating child process
2024-07-28 14:37:21: Server is created
2024-07-28 14:37:21: Thread handlers is created
2024-07-28 14:39:46: chToPaPipe pipe is created successfully
2024-07-28 14:39:46: paToChPipe pipe is created successfully
2024-07-28 14:39:46: Creating child process
2024-07-28 14:39:46: Server is created
2024-07-28 14:39:46: Thread handlers is created
2024-07-28 14:46:16: chToPaPipe pipe is created successfully
2024-07-28 14:46:16: paToChPipe pipe is created successfully
2024-07-28 14:46:16: Creating child process
2024-07-28 14:46:16: Server is created
2024-07-28 14:46:16: Thread handlers is created
2024-07-28 14:47:58: chToPaPipe pipe is created successfully
2024-07-28 14:47:58: paToChPipe pipe is created successfully
2024-07-28 14:47:58: Creating child process
2024-07-28 14:47:58: Server is created
2024-07-28 14:47:58: Thread handlers is created
2024-07-28 14:48:44: chToPaPipe pipe is created successfully
2024-07-28 14:48:44: paToChPipe pipe is created successfully
2024-07-28 14:48:44: Creating child process
2024-07-28 14:48:44: Server is created
2024-07-28 14:48:44: Thread handlers is created
2024-07-28 14:50:04: chToPaPipe pipe is created successfully
2024-07-28 14:50:04: paToChPipe pipe is created successfully
2024-07-28 14:50:04: Creating child process
2024-07-28 14:50:04: Server is created
2024-07-28 14:50:04: Thread handlers is created
2024-07-28 14:51:31: chToPaPipe pipe is created successfully
2024-07-28 14:51:31: paToChPipe pipe is created successfully
2024-07-28 14:51:31: Creating child process
2024-07-28 14:51:31: Server is created
2024-07-28 14:51:31: Thread handlers is created
2024-07-28 14:52:28: chToPaPipe pipe is created successfully
2024-07-28 14:52:28: paToChPipe pipe is created successfully
2024-07-28 14:52:28: Creating child process
2024-07-28 14:52:28: Server is created
2024-07-28 14:52:28: Thread handlers is created
2024-07-28 14:57:04: chToPaPipe pipe is created successfully
2024-07-28 14:57:04: paToChPipe pipe is created successfully
2024-07-28 14:57:04: Creating child process
2024-07-28 14:57:04: Server is created
2024-07-28 14:57:04: Thread handlers is created
2024-07-28 14:59:14: chToPaPipe pipe is created successfully
2024-07-28 14:59:14: paToChPipe pipe is created successfully
2024-07-28 14:59:14: Creating child process
2024-07-28 14:59:14: Server is created
2024-07-28 14:59:14: Thread handlers is created
2024-07-28 15:01:23: chToPaPipe pipe is created successfully
2024-07-28 15:01:23: paToChPipe pipe is created successfully
2024-07-28 15:01:23: Creating child process
2024-07-28 15:01:23: Server is created
2024-07-28 15:01:23: Thread handlers is created
2024-07-28 15:03:07: chToPaPipe pipe is created successfully
2024-07-28 15:03:07: paToChPipe pipe is created successfully
2024-07-28 15:03:07: Creating child process
2024-07-28 15:03:07: Server is created
2024-07-28 15:03:07: Thread handlers is created
2024-07-28 15:04:37: chToPaPipe pipe is created successfully
2024-07-28 15:04:37: paToChPipe pipe is created successfully
2024-07-28 15:04:37: Creating child process
2024-07-28 15:04:37: Server is created
2024-07-28 15:04:37: Thread handlers is created
2024-07-28 15:05:28: chToPaPipe pipe is created successfully
2024-07-28 15:05:28: paToChPipe pipe is created successfully
2024-07-28 15:05:28: Creating child process
2024-07-28 15:05:28: Server is created
2024-07-28 15:05:28: Thread handlers is created
2024-07-28 15:06:59: chToPaPipe pipe is created successfully
2024-07-28 15:06:59: paToChPipe pipe is created successfully
2024-07-28 15:06:59: Creating child process
2024-07-28 15:06:59: Server is created
2024-07-28 15:06:59: Thread handlers is created
2024-07-28 15:08:51: chToPaPipe pipe is created successfully
2024-07-28 15:08:51: paToChPipe pipe is created successfully
2024-07-28 15:08:51: Creating child process
2024-07-28 15:08:51: Server is created
2024-07-28 15:08:51: Thread handlers is created
2024-07-28 15:10:06: chToPaPipe pipe is created successfully
2024-07-28 15:10:06: paToChPipe pipe is created successfully
2024-07-28 15:10:06: Creating child process
2024-07-28 15:10:06: Server is created
2024-07-28 15:10:06: Thread handlers is created
2024-07-28 15:10:46: chToPaPipe pipe is created successfully
2024-07-28 15:10:46: paToChPipe pipe is created successfully
2024-07-28 15:10:46: Creating child process
2024-07-28 15:10:46: Server is created
2024-07-28 15:10:46: Thread handlers is created
2024-07-28 15:12:01: chToPaPipe pipe is created successfully
2024-07-28 15:12:01: paToChPipe pipe is created successfully
2024-07-28 15:12:01: Creating child process
2024-07-28 15:12:01: Server is created
2024-07-28 15:12:01: Thread handlers is created
2024-07-28 15:14:26: chToPaPipe pipe is created successfully
2024-07-28 15:14:26: paToChPipe pipe is created successfully
2024-07-28 15:14:26: Creating child process
2024-07-28 15:14:26: Server is created
2024-07-28 15:14:26: Thread handlers is created
2024-07-28 15:15:34: chToPaPipe pipe is created successfully
2024-07-28 15:15:34: paToChPipe pipe is created successfully
2024-07-28 15:15:34: Creating child process
2024-07-28 15:15:34: Server is created
2024-07-28 15:15:34: Thread handlers is created
2024-07-28 15:17:05: chToPaPipe pipe is created successfully
2024-07-28 15:17:05: paToChPipe pipe is created successfully
2024-07-28 15:17:05: Creating child process
2024-07-28 15:17:05: Server is created
2024-07-28 15:17:05: Thread handlers is created
2024-07-28 15:18:36: chToPaPipe pipe is created successfully
2024-07-28 15:18:36: paToChPipe pipe is created successfully
2024-07-28 15:18:36: Creating child process
2024-07-28 15:18:36: Server is created
2024-07-28 15:18:36: Thread handlers is created
2024-07-28 15:23:02: chToPaPipe pipe is created successfully
2024-07-28 15:23:02: paToChPipe pipe is created successfully
2024-07-28 15:23:02: Creating child process
2024-07-28 15:23:02: Server is created
2024-07-28 15:23:02: Thread handlers is created
2024-07-28 15:23:52: chToPaPipe pipe is created successfully
2024-07-28 15:23:52: paToChPipe pipe is created successfully
2024-07-28 15:23:52: Creating child process
2024-07-28 15:23:52: Server is created
2024-07-28 15:23:52: Thread handlers is created
2024-07-28 15:25:56: chToPaPipe pipe is created successfully
2024-07-28 15:25:56: paToChPipe pipe is created successfully
2024-07-28 15:25:56: Creating child process
2024-07-28 15:25:56: Server is created
2024-07-28 15:25:56: Thread handlers is created
2024-07-28 15:31:43: chToPaPipe pipe is created successfully
2024-07-28 15:31:43: paToChPipe pipe is created successfully
2024-07-28 15:31:43: Creating child process
2024-07-28 15:31:43: Server is created
2024-07-28 15:31:43: Thread handlers is created
2024-07-28 15:32:31: chToPaPipe pipe is created successfully
2024-07-28 15:32:31: paToChPipe pipe is created successfully
2024-07-28 15:32:31: Creating child process
2024-07-28 15:32:31: Server is created
2024-07-28 15:32:31: Thread handlers is created
2024-07-28 15:33:01: chToPaPipe pipe is created successfully
2024-07-28 15:33:01: paToChPipe pipe is created successfully
2024-07-28 15:33:01: Creating child process
2024-07-28 15:33:01: Server is created
2024-07-28 15:33:01: Thread handlers is created
2024-07-28 15:43:06: chToPaPipe pipe is created successfully
2024-07-28 15:43:06: paToChPipe pipe is created successfully
2024-07-28 15:43:06: Creating child process
2024-07-28 15:43:06: Server is created
2024-07-28 15:43:06: Thread handlers is created
2024-07-28 15:44:28: chToPaPipe pipe is created successfully
2024-07-28 15:44:28: paToChPipe pipe is created successfully
2024-07-28 15:44:28: Creating child process
2024-07-28 15:44:28: Server is created
2024-07-28 15:44:28: Thread handlers is created
2024-07-28 15:44:43: chToPaPipe pipe is created successfully
2024-07-28 15:44:43: paToChPipe pipe is created successfully
2024-07-28 15:44:43: Creating child process
2024-07-28 15:44:43: Server is created
2024-07-28 15:44:43: Thread handlers is created
2024-07-28 15:46:15: chToPaPipe pipe is created successfully
2024-07-28 15:46:15: paToChPipe pipe is created successfully
2024-07-28 15:46:15: Creating child process
2024-07-28 15:46:15: Server is created
2024-07-28 15:46:15: Thread handlers is created
2024-07-28 15:46:25: chToPaPipe pipe is created successfully
2024-07-28 15:46:25: paToChPipe pipe is created successfully
2024-07-28 15:46:25: Creating child process
2024-07-28 15:46:25: Server is created
2024-07-28 15:46:25: Thread handlers is created
2024-07-28 15:56:24: chToPaPipe pipe is created successfully
2024-07-28 15:56:24: paToChPipe pipe is created successfully
2024-07-28 15:56:24: Creating child process
2024-07-28 15:56:24: Server is created
2024-07-28 15:56:24: Thread handlers is created
2024-07-28 15:57:06: chToPaPipe pipe is created successfully
2024-07-28 15:57:06: paToChPipe pipe is created successfully
2024-07-28 15:57:06: Creating child process
2024-07-28 15:57:06: Server is created
2024-07-28 15:57:06: Thread handlers is created
2024-07-28 16:09:59: chToPaPipe pipe is created successfully
2024-07-28 16:09:59: paToChPipe pipe is created successfully
2024-07-28 16:09:59: Creating child process
2024-07-28 16:09:59: Server is created
2024-07-28 16:09:59: Thread handlers is created
2024-07-28 16:11:32: chToPaPipe pipe is created successfully
2024-07-28 16:11:32: paToChPipe pipe is created successfully
2024-07-28 16:11:32: Creating child process
2024-07-28 16:11:32: Server is created
2024-07-28 16:11:32: Thread handlers is created
2024-07-28 16:12:14: chToPaPipe pipe is created successfully
2024-07-28 16:12:14: paToChPipe pipe is created successfully
2024-07-28 16:12:14: Creating child process
2024-07-28 16:12:14: Server is created
2024-07-28 16:12:14: Thread handlers is created
2024-07-28 16:13:13: chToPaPipe pipe is created successfully
2024-07-28 16:13:13: paToChPipe pipe is created successfully
2024-07-28 16:13:13: Creating child process
2024-07-28 16:13:13: Server is created
2024-07-28 16:13:13: Thread handlers is created
2024-07-28 16:13:56: chToPaPipe pipe is created successfully
2024-07-28 16:13:56: paToChPipe pipe is created successfully
2024-07-28 16:13:56: Creating child process
2024-07-28 16:13:56: Server is created
2024-07-28 16:13:56: Thread handlers is created
2024-07-28 16:15:32: chToPaPipe pipe is created successfully
2024-07-28 16:15:32: paToChPipe pipe is created successfully
2024-07-28 16:15:32: Creating child process
2024-07-28 16:15:32: Server is created
2024-07-28 16:15:32: Thread handlers is created
2024-07-28 16:16:15: chToPaPipe pipe is created successfully
2024-07-28 16:16:15: paToChPipe pipe is created successfully
2024-07-28 16:16:15: Creating child process
2024-07-28 16:16:15: Server is created
2024-07-28 16:16:15: Thread handlers is created
2024-07-28 16:16:35: chToPaPipe pipe is created successfully
2024-07-28 16:16:35: paToChPipe pipe is created successfully
2024-07-28 16:16:35: Creating child process
2024-07-28 16:16:35: Server is created
2024-07-28 16:16:35: Thread handlers is created
2024-07-28 16:17:38: chToPaPipe pipe is created successfully
2024-07-28 16:17:38: paToChPipe pipe is created successfully
2024-07-28 16:17:38: Creating child process
2024-07-28 16:17:38: Server is created
2024-07-28 16:17:38: Thread handlers is created
2024-07-28 16:18:30: chToPaPipe pipe is created successfully
2024-07-28 16:18:30: paToChPipe pipe is created successfully
2024-07-28 16:18:30: Creating child process
2024-07-28 16:18:30: Server is created
2024-07-28 16:18:30: Thread handlers is created
2024-07-28 16:19:16: chToPaPipe pipe is created successfully
2024-07-28 16:19:16: paToChPipe pipe is created successfully
2024-07-28 16:19:16: Creating child process
2024-07-28 16:19:16: Server is created
2024-07-28 16:19:16: Thread handlers is created
2024-07-28 16:20:24: chToPaPipe pipe is created successfully
2024-07-28 16:20:24: paToChPipe pipe is created successfully
2024-07-28 16:20:24: Creating child process
2024-07-28 16:20:24: Server is created
2024-07-28 16:20:24: Thread handlers is created
2024-07-28 16:22:21: chToPaPipe pipe is created successfully
2024-07-28 16:22:21: paToChPipe pipe is created successfully
2024-07-28 16:22:21: Creating child process
2024-07-28 16:22:21: Server is created
2024-07-28 16:22:21: Thread handlers is created
2024-07-28 16:36:02: chToPaPipe pipe is created successfully
2024-07-28 16:36:02: paToChPipe pipe is created successfully
2024-07-28 16:36:02: Creating child process
2024-07-28 16:36:02: Server is created
2024-07-28 16:36:02: Thread handlers is created
2024-07-28 16:36:24: chToPaPipe pipe is created successfully
2024-07-28 16:36:24: paToChPipe pipe is created successfully
2024-07-28 16:36:24: Creating child process
2024-07-28 16:36:24: Server is created
2024-07-28 16:36:24: Thread handlers is created
2024-07-28 16:36:31: chToPaPipe pipe is created successfully
2024-07-28 16:36:31: paToChPipe pipe is created successfully
2024-07-28 16:36:31: Creating child process
2024-07-28 16:36:31: Server is created
2024-07-28 16:36:31: Thread handlers is created
2024-07-28 16:37:20: chToPaPipe pipe is created successfully
2024-07-28 16:37:20: paToChPipe pipe is created successfully
2024-07-28 16:37:20: Creating child process
2024-07-28 16:37:20: Server is created
2024-07-28 16:37:20: Thread handlers is created
2024-07-28 16:38:00: chToPaPipe pipe is created successfully
2024-07-28 16:38:00: paToChPipe pipe is created successfully
2024-07-28 16:38:00: Creating child process
2024-07-28 16:38:00: Server is created
2024-07-28 16:38:00: Thread handlers is created
2024-07-28 16:39:29: chToPaPipe pipe is created successfully
2024-07-28 16:39:29: paToChPipe pipe is created successfully
2024-07-28 16:39:29: Creating child process
2024-07-28 16:39:29: Server is created
2024-07-28 16:39:29: Thread handlers is created
